<?xml version="1.0" encoding="UTF-8"?>
<!-- Generated by org.testng.reporters.JUnitReportReporter -->
<testsuite skipped="0" hostname="DESKTOP-4G65I6G" name="test.B" tests="1" failures="0" timestamp="25 May 2019 18:23:46 GMT" time="0.008" errors="0">
  <testcase name="smoketest" time="0.008" classname="test.B"/>
</testsuite> <!-- test.B -->
