<?xml version="1.0" encoding="UTF-8"?>
<!-- Generated by org.testng.reporters.JUnitReportReporter -->
<testsuite skipped="0" hostname="DESKTOP-4G65I6G" name="test.E" tests="4" failures="0" timestamp="25 May 2019 18:16:26 GMT" time="0.007" errors="0">
  <testcase name="desire" time="0.001" classname="test.E"/>
  <testcase name="aim" time="0.002" classname="test.E"/>
  <testcase name="Expectation" time="0.001" classname="test.E"/>
  <testcase name="Dream" time="0.003" classname="test.E"/>
</testsuite> <!-- test.E -->
